生成启动时间为 2015/10/19 13:53:03。
     1>项目“D:\visual studio 2013 project\gansiduiSql\MiniSql\MiniSql\src\IndexManager\IndexManager\IndexManager\IndexManager.vcxproj”在节点 2 上(Build 个目标)。
     1>ClCompile:
         D:\Program files\Microsoft Visual Studio 12.0\VC\bin\CL.exe /c /AI"C:\Program Files (x86)\Reference Assemblies\Microsoft\Framework\.NETFramework\v4.5.1\\" /AI"C:\Program Files (x86)\Windows Kits\8.1\References\CommonConfiguration\Neutral" /AI"C:\Program Files (x86)\Reference Assemblies\Microsoft\Framework\.NETFramework\v4.5.1\Facades\\" /Zi /clr /nologo /W3 /WX- /O2 /Oy- /D WIN32 /D NDEBUG /D _UNICODE /D UNICODE /EHa /MD /GS /fp:precise /Zc:wchar_t /Zc:forScope /Fo"Release\\" /Fd"Release\vc120.pdb" /TP /FU"C:\Program Files (x86)\Reference Assemblies\Microsoft\Framework\.NETFramework\v4.5.1\mscorlib.dll" /analyze- /errorReport:prompt /clr:nostdlib ..\..\..\Definition.cpp ..\..\bplustree.cpp ..\..\IndexManager.cpp main.cpp
         Definition.cpp
         bplustree.cpp
     1>..\..\bplustree.cpp : warning C4819: 该文件包含不能在当前代码页(936)中表示的字符。请将该文件保存为 Unicode 格式以防止数据丢失
     1>..\..\bplustree.cpp(745): warning C4290: 忽略 C++ 异常规范，但指示函数不是 __declspec(nothrow)
     1>..\..\bplustree.cpp(757): warning C4290: 忽略 C++ 异常规范，但指示函数不是 __declspec(nothrow)
         IndexManager.cpp
         main.cpp
         正在生成代码...
         D:\Program files\Microsoft Visual Studio 12.0\VC\bin\CL.exe /c /Zi /clr /nologo /W3 /WX- /O2 /Oy- /D WIN32 /D NDEBUG /D _UNICODE /D UNICODE /EHa /MD /GS /fp:precise /Zc:wchar_t /Zc:forScope /Fo"Release\\" /Fd"Release\vc120.pdb" /TP /analyze- /errorReport:prompt "C:\Users\Lucas\AppData\Local\Temp\.NETFramework,Version=v4.5.1.AssemblyAttributes.cpp"
         .NETFramework,Version=v4.5.1.AssemblyAttributes.cpp
       Link:
         D:\Program files\Microsoft Visual Studio 12.0\VC\bin\link.exe /ERRORREPORT:PROMPT /OUT:"D:\visual studio 2013 project\gansiduiSql\MiniSql\MiniSql\src\IndexManager\IndexManager\Release\IndexManager.exe" /INCREMENTAL:NO /NOLOGO /MANIFEST /MANIFESTUAC:"level='asInvoker' uiAccess='false'" /manifest:embed /DEBUG /PDB:"D:\visual studio 2013 project\gansiduiSql\MiniSql\MiniSql\src\IndexManager\IndexManager\Release\IndexManager.pdb" /TLBID:1 /DYNAMICBASE /FIXED:NO /NXCOMPAT /MACHINE:X86 /SAFESEH Release\Definition.obj
         Release\bplustree.obj
         Release\IndexManager.obj
         Release\main.obj
         "Release\.NETFramework,Version=v4.5.1.AssemblyAttributes.obj"
     1>Definition.obj : error LNK2028: 无法解析的标记(0A0003D1) "public: __thiscall Data::~Data(void)" (??1Data@@$$FQAE@XZ)，该标记在函数 "public: void * __thiscall Data::`scalar deleting destructor'(unsigned int)" (??_GData@@$$FQAEPAXI@Z) 中被引用
     1>Definition.obj : error LNK2019: 无法解析的外部符号 "public: __thiscall Data::~Data(void)" (??1Data@@$$FQAE@XZ)，该符号在函数 "public: void * __thiscall Data::`scalar deleting destructor'(unsigned int)" (??_GData@@$$FQAEPAXI@Z) 中被引用
     1>D:\visual studio 2013 project\gansiduiSql\MiniSql\MiniSql\src\IndexManager\IndexManager\Release\IndexManager.exe : fatal error LNK1120: 2 个无法解析的外部命令
     1>已完成生成项目“D:\visual studio 2013 project\gansiduiSql\MiniSql\MiniSql\src\IndexManager\IndexManager\IndexManager\IndexManager.vcxproj”(Build 个目标)的操作 - 失败。

生成失败。

已用时间 00:00:02.58
